\BOOKMARK [1][-]{section.0.1}{\376\377\000S\000t\000r\000e\000s\000z\000c\000z\000e\000n\000i\000e}{}% 1
\BOOKMARK [2][-]{subsection.0.1.1}{\376\377\000S\000t\000r\000e\000s\000z\000c\000z\000e\000n\000i\000e\000\040\000w\000\040\000j\001\031\000z\000y\000k\000u\000\040\000p\000o\000l\000s\000k\000i\000m}{section.0.1}% 2
\BOOKMARK [2][-]{subsection.0.1.2}{\376\377\000S\000u\000m\000m\000a\000r\000y\000\040\000i\000n\000\040\000E\000n\000g\000l\000i\000s\000h}{section.0.1}% 3
\BOOKMARK [1][-]{section.0.2}{\376\377\000O\000p\000i\000s\000\040\000z\000a\001\102\000o\001\174\000e\001\104\000\040\000p\000r\000o\000j\000e\000k\000t\000u}{}% 4
\BOOKMARK [2][-]{subsection.0.2.1}{\376\377\000C\000e\000l\000\040\000p\000r\000o\000j\000e\000k\000t\000u}{section.0.2}% 5
\BOOKMARK [2][-]{subsection.0.2.2}{\376\377\000W\000y\000m\000a\000g\000a\000n\000i\000a\000\040\000f\000u\000n\000k\000c\000j\000o\000n\000a\000l\000n\000e}{section.0.2}% 6
\BOOKMARK [2][-]{subsection.0.2.3}{\376\377\000W\000y\000m\000a\000g\000a\000n\000i\000a\000\040\000n\000i\000e\000f\000u\000n\000k\000c\000j\000o\000n\000a\000l\000n\000e}{section.0.2}% 7
\BOOKMARK [1][-]{section.0.3}{\376\377\000O\000p\000i\000s\000\040\000s\000t\000r\000u\000k\000t\000u\000r\000y\000\040\000p\000r\000o\000j\000e\000k\000t\000u}{}% 8
\BOOKMARK [2][-]{subsection.0.3.1}{\376\377\000A\000r\000c\000h\000i\000t\000e\000k\000t\000u\000r\000a\000\040\000s\000y\000s\000t\000e\000m\000u}{section.0.3}% 9
\BOOKMARK [2][-]{subsection.0.3.2}{\376\377\000D\000i\000a\000g\000r\000a\000m\000\040\000k\000l\000a\000s}{section.0.3}% 10
\BOOKMARK [2][-]{subsection.0.3.3}{\376\377\000H\000i\000e\000r\000a\000r\000c\000h\000i\000a\000\040\000d\000z\000i\000e\000d\000z\000i\000c\000z\000e\000n\000i\000a}{section.0.3}% 11
\BOOKMARK [2][-]{subsection.0.3.4}{\376\377\000B\000a\000z\000a\000\040\000d\000a\000n\000y\000c\000h}{section.0.3}% 12
\BOOKMARK [1][-]{section.0.4}{\376\377\000H\000a\000r\000m\000o\000n\000o\000g\000r\000a\000m\000\040\000r\000e\000a\000l\000i\000z\000a\000c\000j\000i\000\040\000p\000r\000o\000j\000e\000k\000t\000u}{}% 13
\BOOKMARK [1][-]{section.0.5}{\376\377\000P\000r\000e\000z\000e\000n\000t\000a\000c\000j\000a\000\040\000w\000a\000r\000s\000t\000w\000y\000\040\000u\001\174\000y\000t\000k\000o\000w\000e\000j\000\040\000p\000r\000o\000j\000e\000k\000t\000u}{}% 14
\BOOKMARK [2][-]{subsection.0.5.1}{\376\377\000I\000n\000t\000e\000r\000f\000e\000j\000s\000\040\000u\001\174\000y\000t\000k\000o\000w\000n\000i\000k\000a}{section.0.5}% 15
\BOOKMARK [2][-]{subsection.0.5.2}{\376\377\000P\000r\000z\000e\000p\001\102\000y\000w\000\040\000u\001\174\000y\000t\000k\000o\000w\000n\000i\000k\000a}{section.0.5}% 16
\BOOKMARK [2][-]{subsection.0.5.3}{\376\377\000P\000a\000n\000e\000l\000\040\000a\000d\000m\000i\000n\000i\000s\000t\000r\000a\000t\000o\000r\000a}{section.0.5}% 17
\BOOKMARK [1][-]{section.0.6}{\376\377\000T\000e\000s\000t\000o\000w\000a\000n\000i\000e\000\040\000s\000y\000s\000t\000e\000m\000u}{}% 18
\BOOKMARK [2][-]{subsection.0.6.1}{\376\377\000S\000t\000r\000a\000t\000e\000g\000i\000a\000\040\000t\000e\000s\000t\000o\000w\000a\000n\000i\000a}{section.0.6}% 19
\BOOKMARK [2][-]{subsection.0.6.2}{\376\377\000P\000r\000z\000y\000k\001\102\000a\000d\000o\000w\000e\000\040\000s\000c\000e\000n\000a\000r\000i\000u\000s\000z\000e\000\040\000t\000e\000s\000t\000o\000w\000e}{section.0.6}% 20
\BOOKMARK [2][-]{subsection.0.6.3}{\376\377\000W\000y\000n\000i\000k\000i\000\040\000t\000e\000s\000t\000\363\000w\000\040\000w\000y\000d\000a\000j\000n\000o\001\133\000c\000i\000o\000w\000y\000c\000h}{section.0.6}% 21
\BOOKMARK [1][-]{section.0.7}{\376\377\000P\000o\000d\000s\000u\000m\000o\000w\000a\000n\000i\000e}{}% 22
\BOOKMARK [2][-]{subsection.0.7.1}{\376\377\000O\000s\000i\001\005\000g\000n\000i\001\031\000t\000e\000\040\000c\000e\000l\000e}{section.0.7}% 23
\BOOKMARK [2][-]{subsection.0.7.2}{\376\377\000P\000r\000o\000b\000l\000e\000m\000y\000\040\000n\000a\000p\000o\000t\000k\000a\000n\000e\000\040\000p\000o\000d\000c\000z\000a\000s\000\040\000r\000e\000a\000l\000i\000z\000a\000c\000j\000i}{section.0.7}% 24
\BOOKMARK [2][-]{subsection.0.7.3}{\376\377\000K\000i\000e\000r\000u\000n\000k\000i\000\040\000r\000o\000z\000w\000o\000j\000u}{section.0.7}% 25
\BOOKMARK [2][-]{subsection.0.7.4}{\376\377\000W\000n\000i\000o\000s\000k\000i}{section.0.7}% 26
\BOOKMARK [1][-]{section*.12}{\376\377\000B\000i\000b\000l\000i\000o\000g\000r\000a\000f\000i\000a}{}% 27
\BOOKMARK [1][-]{section*.14}{\376\377\000S\000p\000i\000s\000\040\000r\000y\000s\000u\000n\000k\000\363\000w}{}% 28
\BOOKMARK [1][-]{section*.15}{\376\377\000S\000p\000i\000s\000\040\000l\000i\000s\000t\000i\000n\000g\000\363\000w}{}% 29
\BOOKMARK [1][-]{chapter*.18}{\376\377\000O\001\133\000w\000i\000a\000d\000c\000z\000e\000n\000i\000e\000\040\000s\000t\000u\000d\000e\000n\000t\000a\000\040\000o\000\040\000s\000a\000m\000o\000d\000z\000i\000e\000l\000n\000o\001\133\000c\000i\000\040\000p\000r\000a\000c\000y}{}% 30
